# JRE version: 7.0_09-b30
# Java VM: OpenJDK Server VM (23.2-b09 mixed mode linux-x86 )
Heap
 PSYoungGen      total 19136K, used 1809K [0x9ded0000, 0x9f420000, 0xb3420000)
  eden space 16448K, 11% used [0x9ded0000,0x9e094738,0x9eee0000)
  from space 2688K, 0% used [0x9eee0000,0x9eee0000,0x9f180000)
  to   space 2688K, 0% used [0x9f180000,0x9f180000,0x9f420000)
 ParOldGen       total 43712K, used 428K [0x73420000, 0x75ed0000, 0x9ded0000)
  object space 43712K, 0% used [0x73420000,0x7348b1f0,0x75ed0000)
 PSPermGen       total 16384K, used 3636K [0x6b420000, 0x6c420000, 0x73420000)
  object space 16384K, 22% used [0x6b420000,0x6b7ad2c0,0x6c420000)
GC Heap History (4 events):
Event: 0.778 GC heap before
{Heap before GC invocations=1 (full 0):
 PSYoungGen      total 19136K, used 1332K [0x9ded0000, 0x9f420000, 0xb3420000)
  eden space 16448K, 8% used [0x9ded0000,0x9e01d158,0x9eee0000)
  from space 2688K, 0% used [0x9f180000,0x9f180000,0x9f420000)
  to   space 2688K, 0% used [0x9eee0000,0x9eee0000,0x9f180000)
 ParOldGen       total 43712K, used 0K [0x73420000, 0x75ed0000, 0x9ded0000)
  object space 43712K, 0% used [0x73420000,0x73420000,0x75ed0000)
 PSPermGen       total 16384K, used 3239K [0x6b420000, 0x6c420000, 0x73420000)
  object space 16384K, 19% used [0x6b420000,0x6b749e10,0x6c420000)
Event: 0.784 GC heap after
Heap after GC invocations=1 (full 0):
 PSYoungGen      total 19136K, used 488K [0x9ded0000, 0x9f420000, 0xb3420000)
  eden space 16448K, 0% used [0x9ded0000,0x9ded0000,0x9eee0000)
  from space 2688K, 18% used [0x9eee0000,0x9ef5a050,0x9f180000)
  to   space 2688K, 0% used [0x9f180000,0x9f180000,0x9f420000)
 ParOldGen       total 43712K, used 0K [0x73420000, 0x75ed0000, 0x9ded0000)
  object space 43712K, 0% used [0x73420000,0x73420000,0x75ed0000)
 PSPermGen       total 16384K, used 3239K [0x6b420000, 0x6c420000, 0x73420000)
  object space 16384K, 19% used [0x6b420000,0x6b749e10,0x6c420000)
}
Event: 0.785 GC heap before
{Heap before GC invocations=2 (full 1):
 PSYoungGen      total 19136K, used 488K [0x9ded0000, 0x9f420000, 0xb3420000)
  eden space 16448K, 0% used [0x9ded0000,0x9ded0000,0x9eee0000)
  from space 2688K, 18% used [0x9eee0000,0x9ef5a050,0x9f180000)
  to   space 2688K, 0% used [0x9f180000,0x9f180000,0x9f420000)
 ParOldGen       total 43712K, used 0K [0x73420000, 0x75ed0000, 0x9ded0000)
  object space 43712K, 0% used [0x73420000,0x73420000,0x75ed0000)
 PSPermGen       total 16384K, used 3239K [0x6b420000, 0x6c420000, 0x73420000)
  object space 16384K, 19% used [0x6b420000,0x6b749e10,0x6c420000)
Event: 0.826 GC heap after
Heap after GC invocations=2 (full 1):
 PSYoungGen      total 19136K, used 0K [0x9ded0000, 0x9f420000, 0xb3420000)
  eden space 16448K, 0% used [0x9ded0000,0x9ded0000,0x9eee0000)
  from space 2688K, 0% used [0x9eee0000,0x9eee0000,0x9f180000)
  to   space 2688K, 0% used [0x9f180000,0x9f180000,0x9f420000)
 ParOldGen       total 43712K, used 428K [0x73420000, 0x75ed0000, 0x9ded0000)
  object space 43712K, 0% used [0x73420000,0x7348b1f0,0x75ed0000)
 PSPermGen       total 16384K, used 3236K [0x6b420000, 0x6c420000, 0x73420000)
  object space 16384K, 19% used [0x6b420000,0x6b749390,0x6c420000)
}

